<?xml version="1.0" encoding="UTF-8"?>
<testng-results ignored="3" total="8" passed="4" failed="1" skipped="0">
  <reporter-output>
  </reporter-output>
  <suite started-at="2021-07-30T08:18:08 IST" name="Suite" finished-at="2021-07-30T08:27:21 IST" duration-ms="553323">
    <groups>
    </groups>
    <test started-at="2021-07-30T08:18:08 IST" name="Test" finished-at="2021-07-30T08:27:21 IST" duration-ms="553323">
      <class name="ShoppingApp.Myntra.WishList_Test">
        <test-method signature="wishList_NoLogin()[pri:0, instance:ShoppingApp.Myntra.WishList_Test@156b88f5]" started-at="2021-07-30T08:22:38 IST" name="wishList_NoLogin" finished-at="2021-07-30T08:24:02 IST" duration-ms="84335" status="PASS">
          <reporter-output>
          </reporter-output>
        </test-method> <!-- wishList_NoLogin -->
        <test-method signature="wishList_NoLogin_Text()[pri:0, instance:ShoppingApp.Myntra.WishList_Test@156b88f5]" started-at="2021-07-30T08:24:02 IST" name="wishList_NoLogin_Text" finished-at="2021-07-30T08:27:15 IST" duration-ms="192397" status="PASS">
          <reporter-output>
          </reporter-output>
        </test-method> <!-- wishList_NoLogin_Text -->
        <test-method is-config="true" signature="Drivequit()[pri:0, instance:ShoppingApp.Myntra.WishList_Test@156b88f5]" started-at="2021-07-30T08:27:15 IST" name="Drivequit" finished-at="2021-07-30T08:27:21 IST" duration-ms="6381" status="PASS">
          <reporter-output>
          </reporter-output>
        </test-method> <!-- Drivequit -->
      </class> <!-- ShoppingApp.Myntra.WishList_Test -->
      <class name="ShoppingApp.Myntra.loginUser">
        <test-method is-config="true" signature="browserInitialize()[pri:0, instance:ShoppingApp.Myntra.loginUser@662b4c69]" started-at="2021-07-30T08:18:08 IST" name="browserInitialize" finished-at="2021-07-30T08:18:29 IST" duration-ms="21342" status="PASS">
          <reporter-output>
          </reporter-output>
        </test-method> <!-- browserInitialize -->
        <test-method signature="testData()[pri:0, instance:ShoppingApp.Myntra.loginUser@662b4c69]" started-at="2021-07-30T08:18:29 IST" name="testData" finished-at="2021-07-30T08:19:37 IST" duration-ms="68057" status="FAIL">
          <exception class="java.lang.AssertionError">
            <message>
              <![CDATA[Please enter a valid mobile number (10 digits) expected [true] but found [false]]]>
            </message>
            <full-stacktrace>
              <![CDATA[java.lang.AssertionError: Please enter a valid mobile number (10 digits) expected [true] but found [false]
at org.testng.Assert.fail(Assert.java:99)
at org.testng.Assert.failNotEquals(Assert.java:1037)
at org.testng.Assert.assertTrue(Assert.java:45)
at ShoppingApp.Myntra.loginUser.testData(loginUser.java:33)
at java.base/jdk.internal.reflect.NativeMethodAccessorImpl.invoke0(Native Method)
at java.base/jdk.internal.reflect.NativeMethodAccessorImpl.invoke(NativeMethodAccessorImpl.java:64)
at java.base/jdk.internal.reflect.DelegatingMethodAccessorImpl.invoke(DelegatingMethodAccessorImpl.java:43)
at java.base/java.lang.reflect.Method.invoke(Method.java:564)
at org.testng.internal.MethodInvocationHelper.invokeMethod(MethodInvocationHelper.java:133)
at org.testng.internal.TestInvoker.invokeMethod(TestInvoker.java:598)
at org.testng.internal.TestInvoker.invokeTestMethod(TestInvoker.java:173)
at org.testng.internal.MethodRunner.runInSequence(MethodRunner.java:46)
at org.testng.internal.TestInvoker$MethodInvocationAgent.invoke(TestInvoker.java:824)
at org.testng.internal.TestInvoker.invokeTestMethods(TestInvoker.java:146)
at org.testng.internal.TestMethodWorker.invokeTestMethods(TestMethodWorker.java:146)
at org.testng.internal.TestMethodWorker.run(TestMethodWorker.java:128)
at java.base/java.util.ArrayList.forEach(ArrayList.java:1511)
at org.testng.TestRunner.privateRun(TestRunner.java:794)
at org.testng.TestRunner.run(TestRunner.java:596)
at org.testng.SuiteRunner.runTest(SuiteRunner.java:377)
at org.testng.SuiteRunner.runSequentially(SuiteRunner.java:371)
at org.testng.SuiteRunner.privateRun(SuiteRunner.java:332)
at org.testng.SuiteRunner.run(SuiteRunner.java:276)
at org.testng.SuiteRunnerWorker.runSuite(SuiteRunnerWorker.java:53)
at org.testng.SuiteRunnerWorker.run(SuiteRunnerWorker.java:96)
at org.testng.TestNG.runSuitesSequentially(TestNG.java:1212)
at org.testng.TestNG.runSuitesLocally(TestNG.java:1134)
at org.testng.TestNG.runSuites(TestNG.java:1063)
at org.testng.TestNG.run(TestNG.java:1031)
at org.testng.remote.AbstractRemoteTestNG.run(AbstractRemoteTestNG.java:115)
at org.testng.remote.RemoteTestNG.initAndRun(RemoteTestNG.java:251)
at org.testng.remote.RemoteTestNG.main(RemoteTestNG.java:77)
]]>
            </full-stacktrace>
          </exception> <!-- java.lang.AssertionError -->
          <reporter-output>
          </reporter-output>
        </test-method> <!-- testData -->
        <test-method is-config="true" signature="Drivequit()[pri:0, instance:ShoppingApp.Myntra.loginUser@662b4c69]" started-at="2021-07-30T08:19:37 IST" name="Drivequit" finished-at="2021-07-30T08:19:40 IST" duration-ms="2856" status="PASS">
          <reporter-output>
          </reporter-output>
        </test-method> <!-- Drivequit -->
      </class> <!-- ShoppingApp.Myntra.loginUser -->
      <class name="ShoppingApp.Myntra.selectNavigatioon">
        <test-method signature="Navigation()[pri:0, instance:ShoppingApp.Myntra.selectNavigatioon@25084a1e]" started-at="2021-07-30T08:21:27 IST" name="Navigation" finished-at="2021-07-30T08:22:36 IST" duration-ms="68904" status="PASS">
          <reporter-output>
          </reporter-output>
        </test-method> <!-- Navigation -->
        <test-method is-config="true" signature="Drivequit()[pri:0, instance:ShoppingApp.Myntra.selectNavigatioon@25084a1e]" started-at="2021-07-30T08:22:36 IST" name="Drivequit" finished-at="2021-07-30T08:22:38 IST" duration-ms="2377" status="PASS">
          <reporter-output>
          </reporter-output>
        </test-method> <!-- Drivequit -->
      </class> <!-- ShoppingApp.Myntra.selectNavigatioon -->
      <class name="ShoppingApp.Myntra.mouseOver_Test">
        <test-method signature="testData()[pri:0, instance:ShoppingApp.Myntra.mouseOver_Test@bd4dc25]" started-at="2021-07-30T08:19:40 IST" name="testData" finished-at="2021-07-30T08:21:20 IST" duration-ms="99449" status="PASS">
          <reporter-output>
          </reporter-output>
        </test-method> <!-- testData -->
        <test-method is-config="true" signature="Drivequit()[pri:0, instance:ShoppingApp.Myntra.mouseOver_Test@bd4dc25]" started-at="2021-07-30T08:21:20 IST" name="Drivequit" finished-at="2021-07-30T08:21:27 IST" duration-ms="7104" status="PASS">
          <reporter-output>
          </reporter-output>
        </test-method> <!-- Drivequit -->
      </class> <!-- ShoppingApp.Myntra.mouseOver_Test -->
    </test> <!-- Test -->
  </suite> <!-- Suite -->
</testng-results>
